# JRE version: OpenJDK Runtime Environment Temurin-21.0.12.1+1 (21.0.12.1+1) (build 21.0.12.1+1-LTS)
# Java VM: OpenJDK 64-Bit Server VM Temurin-21.0.12.1+1 (21.0.12.1+1-LTS, mixed mode, sharing, tiered, compressed oops, compressed class ptrs, parallel gc, windows-amd64)
GC Precious Log:
 CardTable entry size: 512
 CPUs: 4 total, 4 available
 Memory: 6081M
 Large Page Support: Disabled
 NUMA Support: Disabled
 Compressed Oops: Enabled (32-bit)
 Alignments: Space 512K, Generation 512K, Heap 2M
 Heap Min Capacity: 100M
 Heap Initial Capacity: 100M
 Heap Max Capacity: 2G
 Pre-touch: Disabled
 Parallel Workers: 4
Heap:
 PSYoungGen      total 13312K, used 6737K [0x00000000d5580000, 0x00000000d6500000, 0x0000000100000000)
  eden space 10752K, 39% used [0x00000000d5580000,0x00000000d59ab9a0,0x00000000d6000000)
  from space 2560K, 96% used [0x00000000d6100000,0x00000000d6368aa0,0x00000000d6380000)
  to   space 1536K, 0% used [0x00000000d6380000,0x00000000d6380000,0x00000000d6500000)
 ParOldGen       total 68608K, used 68167K [0x0000000080000000, 0x0000000084300000, 0x00000000d5580000)
  object space 68608K, 99% used [0x0000000080000000,0x0000000084291d50,0x0000000084300000)
 Metaspace       used 60913K, committed 62208K, reserved 1114112K
  class space    used 6517K, committed 7104K, reserved 1048576K
GC Heap History (20 events):
Event: 110.074 GC heap before
{Heap before GC invocations=37 (full 3):
 PSYoungGen      total 20480K, used 20160K [0x00000000d5580000, 0x00000000d6c00000, 0x0000000100000000)
  eden space 17920K, 100% used [0x00000000d5580000,0x00000000d6700000,0x00000000d6700000)
  from space 2560K, 87% used [0x00000000d6700000,0x00000000d69300c8,0x00000000d6980000)
  to   space 2560K, 0% used [0x00000000d6980000,0x00000000d6980000,0x00000000d6c00000)
 ParOldGen       total 68608K, used 43769K [0x0000000080000000, 0x0000000084300000, 0x00000000d5580000)
  object space 68608K, 63% used [0x0000000080000000,0x0000000082abe7a8,0x0000000084300000)
 Metaspace       used 59965K, committed 61376K, reserved 1114112K
  class space    used 6448K, committed 7040K, reserved 1048576K
}
Event: 110.080 GC heap after
{Heap after GC invocations=37 (full 3):
 PSYoungGen      total 16384K, used 2539K [0x00000000d5580000, 0x00000000d7400000, 0x0000000100000000)
  eden space 13824K, 0% used [0x00000000d5580000,0x00000000d5580000,0x00000000d6300000)
  from space 2560K, 99% used [0x00000000d6980000,0x00000000d6bfae60,0x00000000d6c00000)
  to   space 6656K, 0% used [0x00000000d6300000,0x00000000d6300000,0x00000000d6980000)
 ParOldGen       total 68608K, used 47016K [0x0000000080000000, 0x0000000084300000, 0x00000000d5580000)
  object space 68608K, 68% used [0x0000000080000000,0x0000000082dea280,0x0000000084300000)
 Metaspace       used 59965K, committed 61376K, reserved 1114112K
  class space    used 6448K, committed 7040K, reserved 1048576K
}
Event: 110.552 GC heap before
{Heap before GC invocations=38 (full 3):
 PSYoungGen      total 16384K, used 16363K [0x00000000d5580000, 0x00000000d7400000, 0x0000000100000000)
  eden space 13824K, 100% used [0x00000000d5580000,0x00000000d6300000,0x00000000d6300000)
  from space 2560K, 99% used [0x00000000d6980000,0x00000000d6bfae60,0x00000000d6c00000)
  to   space 6656K, 0% used [0x00000000d6300000,0x00000000d6300000,0x00000000d6980000)
 ParOldGen       total 68608K, used 47016K [0x0000000080000000, 0x0000000084300000, 0x00000000d5580000)
  object space 68608K, 68% used [0x0000000080000000,0x0000000082dea280,0x0000000084300000)
 Metaspace       used 60634K, committed 62016K, reserved 1114112K
  class space    used 6503K, committed 7104K, reserved 1048576K
}
Event: 110.557 GC heap after
{Heap after GC invocations=38 (full 3):
 PSYoungGen      total 16384K, used 2079K [0x00000000d5580000, 0x00000000d6a00000, 0x0000000100000000)
  eden space 13824K, 0% used [0x00000000d5580000,0x00000000d5580000,0x00000000d6300000)
  from space 2560K, 81% used [0x00000000d6300000,0x00000000d6507f60,0x00000000d6580000)
  to   space 3584K, 0% used [0x00000000d6680000,0x00000000d6680000,0x00000000d6a00000)
 ParOldGen       total 68608K, used 49526K [0x0000000080000000, 0x0000000084300000, 0x00000000d5580000)
  object space 68608K, 72% used [0x0000000080000000,0x000000008305dbb0,0x0000000084300000)
 Metaspace       used 60634K, committed 62016K, reserved 1114112K
  class space    used 6503K, committed 7104K, reserved 1048576K
}
Event: 110.899 GC heap before
{Heap before GC invocations=39 (full 3):
 PSYoungGen      total 16384K, used 15903K [0x00000000d5580000, 0x00000000d6a00000, 0x0000000100000000)
  eden space 13824K, 100% used [0x00000000d5580000,0x00000000d6300000,0x00000000d6300000)
  from space 2560K, 81% used [0x00000000d6300000,0x00000000d6507f60,0x00000000d6580000)
  to   space 3584K, 0% used [0x00000000d6680000,0x00000000d6680000,0x00000000d6a00000)
 ParOldGen       total 68608K, used 49526K [0x0000000080000000, 0x0000000084300000, 0x00000000d5580000)
  object space 68608K, 72% used [0x0000000080000000,0x000000008305dbb0,0x0000000084300000)
 Metaspace       used 60725K, committed 62080K, reserved 1114112K
  class space    used 6510K, committed 7104K, reserved 1048576K
}
Event: 110.904 GC heap after
{Heap after GC invocations=39 (full 3):
 PSYoungGen      total 16896K, used 2603K [0x00000000d5580000, 0x00000000d6980000, 0x0000000100000000)
  eden space 13824K, 0% used [0x00000000d5580000,0x00000000d5580000,0x00000000d6300000)
  from space 3072K, 84% used [0x00000000d6680000,0x00000000d690af78,0x00000000d6980000)
  to   space 3072K, 0% used [0x00000000d6380000,0x00000000d6380000,0x00000000d6680000)
 ParOldGen       total 68608K, used 51447K [0x0000000080000000, 0x0000000084300000, 0x00000000d5580000)
  object space 68608K, 74% used [0x0000000080000000,0x000000008323dc68,0x0000000084300000)
 Metaspace       used 60725K, committed 62080K, reserved 1114112K
  class space    used 6510K, committed 7104K, reserved 1048576K
}
Event: 111.904 GC heap before
{Heap before GC invocations=40 (full 3):
 PSYoungGen      total 16896K, used 16427K [0x00000000d5580000, 0x00000000d6980000, 0x0000000100000000)
  eden space 13824K, 100% used [0x00000000d5580000,0x00000000d6300000,0x00000000d6300000)
  from space 3072K, 84% used [0x00000000d6680000,0x00000000d690af78,0x00000000d6980000)
  to   space 3072K, 0% used [0x00000000d6380000,0x00000000d6380000,0x00000000d6680000)
 ParOldGen       total 68608K, used 51447K [0x0000000080000000, 0x0000000084300000, 0x00000000d5580000)
  object space 68608K, 74% used [0x0000000080000000,0x000000008323dc68,0x0000000084300000)
 Metaspace       used 60791K, committed 62144K, reserved 1114112K
  class space    used 6512K, committed 7104K, reserved 1048576K
}
Event: 111.908 GC heap after
{Heap after GC invocations=40 (full 3):
 PSYoungGen      total 16896K, used 2757K [0x00000000d5580000, 0x00000000d6900000, 0x0000000100000000)
  eden space 13824K, 0% used [0x00000000d5580000,0x00000000d5580000,0x00000000d6300000)
  from space 3072K, 89% used [0x00000000d6380000,0x00000000d6631678,0x00000000d6680000)
  to   space 2560K, 0% used [0x00000000d6680000,0x00000000d6680000,0x00000000d6900000)
 ParOldGen       total 68608K, used 53625K [0x0000000080000000, 0x0000000084300000, 0x00000000d5580000)
  object space 68608K, 78% used [0x0000000080000000,0x000000008345e778,0x0000000084300000)
 Metaspace       used 60791K, committed 62144K, reserved 1114112K
  class space    used 6512K, committed 7104K, reserved 1048576K
}
Event: 112.422 GC heap before
{Heap before GC invocations=41 (full 3):
 PSYoungGen      total 16896K, used 16581K [0x00000000d5580000, 0x00000000d6900000, 0x0000000100000000)
  eden space 13824K, 100% used [0x00000000d5580000,0x00000000d6300000,0x00000000d6300000)
  from space 3072K, 89% used [0x00000000d6380000,0x00000000d6631678,0x00000000d6680000)
  to   space 2560K, 0% used [0x00000000d6680000,0x00000000d6680000,0x00000000d6900000)
 ParOldGen       total 68608K, used 53625K [0x0000000080000000, 0x0000000084300000, 0x00000000d5580000)
  object space 68608K, 78% used [0x0000000080000000,0x000000008345e778,0x0000000084300000)
 Metaspace       used 60866K, committed 62208K, reserved 1114112K
  class space    used 6516K, committed 7104K, reserved 1048576K
}
Event: 112.427 GC heap after
{Heap after GC invocations=41 (full 3):
 PSYoungGen      total 13312K, used 2530K [0x00000000d5580000, 0x00000000d7000000, 0x0000000100000000)
  eden space 10752K, 0% used [0x00000000d5580000,0x00000000d5580000,0x00000000d6000000)
  from space 2560K, 98% used [0x00000000d6680000,0x00000000d68f8808,0x00000000d6900000)
  to   space 6656K, 0% used [0x00000000d6000000,0x00000000d6000000,0x00000000d6680000)
 ParOldGen       total 68608K, used 56953K [0x0000000080000000, 0x0000000084300000, 0x00000000d5580000)
  object space 68608K, 83% used [0x0000000080000000,0x000000008379e690,0x0000000084300000)
 Metaspace       used 60866K, committed 62208K, reserved 1114112K
  class space    used 6516K, committed 7104K, reserved 1048576K
}
Event: 112.835 GC heap before
{Heap before GC invocations=42 (full 3):
 PSYoungGen      total 13312K, used 13282K [0x00000000d5580000, 0x00000000d7000000, 0x0000000100000000)
  eden space 10752K, 100% used [0x00000000d5580000,0x00000000d6000000,0x00000000d6000000)
  from space 2560K, 98% used [0x00000000d6680000,0x00000000d68f8808,0x00000000d6900000)
  to   space 6656K, 0% used [0x00000000d6000000,0x00000000d6000000,0x00000000d6680000)
 ParOldGen       total 68608K, used 56953K [0x0000000080000000, 0x0000000084300000, 0x00000000d5580000)
  object space 68608K, 83% used [0x0000000080000000,0x000000008379e690,0x0000000084300000)
 Metaspace       used 60881K, committed 62208K, reserved 1114112K
  class space    used 6516K, committed 7104K, reserved 1048576K
}
Event: 112.842 GC heap after
{Heap after GC invocations=42 (full 3):
 PSYoungGen      total 13824K, used 2627K [0x00000000d5580000, 0x00000000d6800000, 0x0000000100000000)
  eden space 10752K, 0% used [0x00000000d5580000,0x00000000d5580000,0x00000000d6000000)
  from space 3072K, 85% used [0x00000000d6000000,0x00000000d6290d28,0x00000000d6300000)
  to   space 4096K, 0% used [0x00000000d6400000,0x00000000d6400000,0x00000000d6800000)
 ParOldGen       total 68608K, used 59406K [0x0000000080000000, 0x0000000084300000, 0x00000000d5580000)
  object space 68608K, 86% used [0x0000000080000000,0x0000000083a03b98,0x0000000084300000)
 Metaspace       used 60881K, committed 62208K, reserved 1114112K
  class space    used 6516K, committed 7104K, reserved 1048576K
}
Event: 113.261 GC heap before
{Heap before GC invocations=43 (full 3):
 PSYoungGen      total 13824K, used 13379K [0x00000000d5580000, 0x00000000d6800000, 0x0000000100000000)
  eden space 10752K, 100% used [0x00000000d5580000,0x00000000d6000000,0x00000000d6000000)
  from space 3072K, 85% used [0x00000000d6000000,0x00000000d6290d28,0x00000000d6300000)
  to   space 4096K, 0% used [0x00000000d6400000,0x00000000d6400000,0x00000000d6800000)
 ParOldGen       total 68608K, used 59406K [0x0000000080000000, 0x0000000084300000, 0x00000000d5580000)
  object space 68608K, 86% used [0x0000000080000000,0x0000000083a03b98,0x0000000084300000)
 Metaspace       used 60912K, committed 62208K, reserved 1114112K
  class space    used 6517K, committed 7104K, reserved 1048576K
}
Event: 113.265 GC heap after
{Heap after GC invocations=43 (full 3):
 PSYoungGen      total 12800K, used 1977K [0x00000000d5580000, 0x00000000d6600000, 0x0000000100000000)
  eden space 10752K, 0% used [0x00000000d5580000,0x00000000d5580000,0x00000000d6000000)
  from space 2048K, 96% used [0x00000000d6400000,0x00000000d65ee650,0x00000000d6600000)
  to   space 2560K, 0% used [0x00000000d6100000,0x00000000d6100000,0x00000000d6380000)
 ParOldGen       total 68608K, used 61588K [0x0000000080000000, 0x0000000084300000, 0x00000000d5580000)
  object space 68608K, 89% used [0x0000000080000000,0x0000000083c251a8,0x0000000084300000)
 Metaspace       used 60912K, committed 62208K, reserved 1114112K
  class space    used 6517K, committed 7104K, reserved 1048576K
}
Event: 114.389 GC heap before
{Heap before GC invocations=44 (full 3):
 PSYoungGen      total 12800K, used 12729K [0x00000000d5580000, 0x00000000d6600000, 0x0000000100000000)
  eden space 10752K, 100% used [0x00000000d5580000,0x00000000d6000000,0x00000000d6000000)
  from space 2048K, 96% used [0x00000000d6400000,0x00000000d65ee650,0x00000000d6600000)
  to   space 2560K, 0% used [0x00000000d6100000,0x00000000d6100000,0x00000000d6380000)
 ParOldGen       total 68608K, used 61588K [0x0000000080000000, 0x0000000084300000, 0x00000000d5580000)
  object space 68608K, 89% used [0x0000000080000000,0x0000000083c251a8,0x0000000084300000)
 Metaspace       used 60912K, committed 62208K, reserved 1114112K
  class space    used 6517K, committed 7104K, reserved 1048576K
}
Event: 114.395 GC heap after
{Heap after GC invocations=44 (full 3):
 PSYoungGen      total 13312K, used 2449K [0x00000000d5580000, 0x00000000d6500000, 0x0000000100000000)
  eden space 10752K, 0% used [0x00000000d5580000,0x00000000d5580000,0x00000000d6000000)
  from space 2560K, 95% used [0x00000000d6100000,0x00000000d63645e8,0x00000000d6380000)
  to   space 1536K, 0% used [0x00000000d6380000,0x00000000d6380000,0x00000000d6500000)
 ParOldGen       total 68608K, used 63515K [0x0000000080000000, 0x0000000084300000, 0x00000000d5580000)
  object space 68608K, 92% used [0x0000000080000000,0x0000000083e06d50,0x0000000084300000)
 Metaspace       used 60912K, committed 62208K, reserved 1114112K
  class space    used 6517K, committed 7104K, reserved 1048576K
}
Event: 115.239 GC heap before
{Heap before GC invocations=45 (full 3):
 PSYoungGen      total 13312K, used 13201K [0x00000000d5580000, 0x00000000d6500000, 0x0000000100000000)
  eden space 10752K, 100% used [0x00000000d5580000,0x00000000d6000000,0x00000000d6000000)
  from space 2560K, 95% used [0x00000000d6100000,0x00000000d63645e8,0x00000000d6380000)
  to   space 1536K, 0% used [0x00000000d6380000,0x00000000d6380000,0x00000000d6500000)
 ParOldGen       total 68608K, used 63515K [0x0000000080000000, 0x0000000084300000, 0x00000000d5580000)
  object space 68608K, 92% used [0x0000000080000000,0x0000000083e06d50,0x0000000084300000)
 Metaspace       used 60913K, committed 62208K, reserved 1114112K
  class space    used 6517K, committed 7104K, reserved 1048576K
}
Event: 115.248 GC heap after
{Heap after GC invocations=45 (full 3):
 PSYoungGen      total 12288K, used 1514K [0x00000000d5580000, 0x00000000d6500000, 0x0000000100000000)
  eden space 10752K, 0% used [0x00000000d5580000,0x00000000d5580000,0x00000000d6000000)
  from space 1536K, 98% used [0x00000000d6380000,0x00000000d64fa980,0x00000000d6500000)
  to   space 2560K, 0% used [0x00000000d6100000,0x00000000d6100000,0x00000000d6380000)
 ParOldGen       total 68608K, used 66657K [0x0000000080000000, 0x0000000084300000, 0x00000000d5580000)
  object space 68608K, 97% used [0x0000000080000000,0x0000000084118630,0x0000000084300000)
 Metaspace       used 60913K, committed 62208K, reserved 1114112K
  class space    used 6517K, committed 7104K, reserved 1048576K
}
Event: 116.010 GC heap before
{Heap before GC invocations=46 (full 3):
 PSYoungGen      total 12288K, used 12266K [0x00000000d5580000, 0x00000000d6500000, 0x0000000100000000)
  eden space 10752K, 100% used [0x00000000d5580000,0x00000000d6000000,0x00000000d6000000)
  from space 1536K, 98% used [0x00000000d6380000,0x00000000d64fa980,0x00000000d6500000)
  to   space 2560K, 0% used [0x00000000d6100000,0x00000000d6100000,0x00000000d6380000)
 ParOldGen       total 68608K, used 66657K [0x0000000080000000, 0x0000000084300000, 0x00000000d5580000)
  object space 68608K, 97% used [0x0000000080000000,0x0000000084118630,0x0000000084300000)
 Metaspace       used 60913K, committed 62208K, reserved 1114112K
  class space    used 6517K, committed 7104K, reserved 1048576K
}
Event: 116.037 GC heap after
{Heap after GC invocations=46 (full 3):
 PSYoungGen      total 13312K, used 2466K [0x00000000d5580000, 0x00000000d6500000, 0x0000000100000000)
  eden space 10752K, 0% used [0x00000000d5580000,0x00000000d5580000,0x00000000d6000000)
  from space 2560K, 96% used [0x00000000d6100000,0x00000000d6368aa0,0x00000000d6380000)
  to   space 1536K, 0% used [0x00000000d6380000,0x00000000d6380000,0x00000000d6500000)
 ParOldGen       total 68608K, used 68167K [0x0000000080000000, 0x0000000084300000, 0x00000000d5580000)
  object space 68608K, 99% used [0x0000000080000000,0x0000000084291d50,0x0000000084300000)
 Metaspace       used 60913K, committed 62208K, reserved 1114112K
  class space    used 6517K, committed 7104K, reserved 1048576K
}

